0 info it worked if it ends with ok
1 verbose cli [ '/Users/Erik/n/bin/node',
1 verbose cli   '/Users/Erik/n/bin/npm',
1 verbose cli   'run',
1 verbose cli   'claudia-create' ]
2 info using npm@2.15.8
3 info using node@v4.4.7
4 verbose run-script [ 'preclaudia-create', 'claudia-create', 'postclaudia-create' ]
5 info preclaudia-create lacto-messaging@1.0.0
6 info claudia-create lacto-messaging@1.0.0
7 verbose unsafe-perm in lifecycle true
8 info lacto-messaging@1.0.0 Failed to exec claudia-create script
9 verbose stack Error: lacto-messaging@1.0.0 claudia-create: `claudia create --keep --name $npm_package_name  --timeout 21 --version dev --region $npm_package_config_awsRegion --handler index.handler  --config $npm_package_config_claudiaConfig --policies deploy/claudia/policies`
9 verbose stack Exit status 1
9 verbose stack     at EventEmitter.<anonymous> (/Users/Erik/n/lib/node_modules/npm/lib/utils/lifecycle.js:217:16)
9 verbose stack     at emitTwo (events.js:87:13)
9 verbose stack     at EventEmitter.emit (events.js:172:7)
9 verbose stack     at ChildProcess.<anonymous> (/Users/Erik/n/lib/node_modules/npm/lib/utils/spawn.js:24:14)
9 verbose stack     at emitTwo (events.js:87:13)
9 verbose stack     at ChildProcess.emit (events.js:172:7)
9 verbose stack     at maybeClose (internal/child_process.js:827:16)
9 verbose stack     at Process.ChildProcess._handle.onexit (internal/child_process.js:211:5)
10 verbose pkgid lacto-messaging@1.0.0
11 verbose cwd /Users/Erik/Documents/workspace/lacto-messaging/deploy/claudia
12 error Darwin 16.7.0
13 error argv "/Users/Erik/n/bin/node" "/Users/Erik/n/bin/npm" "run" "claudia-create"
14 error node v4.4.7
15 error npm  v2.15.8
16 error code ELIFECYCLE
17 error lacto-messaging@1.0.0 claudia-create: `claudia create --keep --name $npm_package_name  --timeout 21 --version dev --region $npm_package_config_awsRegion --handler index.handler  --config $npm_package_config_claudiaConfig --policies deploy/claudia/policies`
17 error Exit status 1
18 error Failed at the lacto-messaging@1.0.0 claudia-create script 'claudia create --keep --name $npm_package_name  --timeout 21 --version dev --region $npm_package_config_awsRegion --handler index.handler  --config $npm_package_config_claudiaConfig --policies deploy/claudia/policies'.
18 error This is most likely a problem with the lacto-messaging package,
18 error not with npm itself.
18 error Tell the author that this fails on your system:
18 error     claudia create --keep --name $npm_package_name  --timeout 21 --version dev --region $npm_package_config_awsRegion --handler index.handler  --config $npm_package_config_claudiaConfig --policies deploy/claudia/policies
18 error You can get information on how to open an issue for this project with:
18 error     npm bugs lacto-messaging
18 error Or if that isn't available, you can get their info via:
18 error
18 error     npm owner ls lacto-messaging
18 error There is likely additional logging output above.
19 verbose exit [ 1, true ]
